
*** Running vivado
    with args -log Top.vds -m64 -product Vivado -mode batch -messageDb vivado.pb -notrace -source Top.tcl


ECHO est  desactivado.
ECHO est  desactivado.

****** Vivado v2023.1 (64-bit)
  **** SW Build 3865809 on Sun May  7 15:05:29 MDT 2023
  **** IP Build 3864474 on Sun May  7 20:36:21 MDT 2023
  **** SharedData Build 3865790 on Sun May 07 13:33:03 MDT 2023
    ** Copyright 1986-2022 Xilinx, Inc. All Rights Reserved.
    ** Copyright 2022-2023 Advanced Micro Devices, Inc. All Rights Reserved.

source Top.tcl -notrace
create_project: Time (s): cpu = 00:00:10 ; elapsed = 00:00:10 . Memory (MB): peak = 462.848 ; gain = 199.672
Command: read_checkpoint -auto_incremental -incremental {C:/Users/Hector/Desktop/Uni/SED/Projecto VHDL/Vivado/Vivado/project_1/project_1.srcs/utils_1/imports/synth_1/Top.dcp}
INFO: [Vivado 12-5825] Read reference checkpoint from C:/Users/Hector/Desktop/Uni/SED/Projecto VHDL/Vivado/Vivado/project_1/project_1.srcs/utils_1/imports/synth_1/Top.dcp for incremental synthesis
INFO: [Vivado 12-7989] Please ensure there are no constraint changes
Command: synth_design -top Top -part xc7a100tcsg324-1
Starting synth_design
Attempting to get a license for feature 'Synthesis' and/or device 'xc7a100t'
INFO: [Common 17-349] Got license for feature 'Synthesis' and/or device 'xc7a100t'
INFO: [Device 21-403] Loading part xc7a100tcsg324-1
INFO: [Designutils 20-5440] No compile time benefit to using incremental synthesis; A full resynthesis will be run
INFO: [Designutils 20-4379] Flow is switching to default flow due to incremental criteria not met. If you would like to alter this behaviour and have the flow terminate instead, please set the following parameter config_implementation {autoIncr.Synth.RejectBehavior Terminate}
INFO: [Synth 8-7079] Multithreading enabled for synth_design using a maximum of 2 processes.
INFO: [Synth 8-7078] Launching helper process for spawning children vivado processes
INFO: [Synth 8-7075] Helper process launched with PID 12200
---------------------------------------------------------------------------------
Starting RTL Elaboration : Time (s): cpu = 00:00:06 ; elapsed = 00:00:06 . Memory (MB): peak = 1294.629 ; gain = 412.523
---------------------------------------------------------------------------------
INFO: [Synth 8-638] synthesizing module 'Top' [C:/Users/Hector/Desktop/Uni/SED/Projecto VHDL/Vivado/Vivado/project_1/project_1.srcs/sources_1/new/Top.vhd:25]
INFO: [Synth 8-3491] module 'SYNCHRNZR' declared at 'C:/Users/Hector/Desktop/Uni/SED/Projecto VHDL/Vivado/Vivado/project_1/project_1.srcs/sources_1/new/SYNCHRNZR.vhd:3' bound to instance 'Inst_synchrnzr0' of component 'SYNCHRNZR' [C:/Users/Hector/Desktop/Uni/SED/Projecto VHDL/Vivado/Vivado/project_1/project_1.srcs/sources_1/new/Top.vhd:63]
INFO: [Synth 8-638] synthesizing module 'SYNCHRNZR' [C:/Users/Hector/Desktop/Uni/SED/Projecto VHDL/Vivado/Vivado/project_1/project_1.srcs/sources_1/new/SYNCHRNZR.vhd:10]
INFO: [Synth 8-256] done synthesizing module 'SYNCHRNZR' (0#1) [C:/Users/Hector/Desktop/Uni/SED/Projecto VHDL/Vivado/Vivado/project_1/project_1.srcs/sources_1/new/SYNCHRNZR.vhd:10]
INFO: [Synth 8-3491] module 'EDGEDTCTR' declared at 'C:/Users/Hector/Desktop/Uni/SED/Projecto VHDL/Vivado/Vivado/project_1/project_1.srcs/sources_1/new/EDGEDTCTR.vhd:3' bound to instance 'Inst_edgedtctr0' of component 'EDGEDTCTR' [C:/Users/Hector/Desktop/Uni/SED/Projecto VHDL/Vivado/Vivado/project_1/project_1.srcs/sources_1/new/Top.vhd:68]
INFO: [Synth 8-638] synthesizing module 'EDGEDTCTR' [C:/Users/Hector/Desktop/Uni/SED/Projecto VHDL/Vivado/Vivado/project_1/project_1.srcs/sources_1/new/EDGEDTCTR.vhd:10]
INFO: [Synth 8-256] done synthesizing module 'EDGEDTCTR' (0#1) [C:/Users/Hector/Desktop/Uni/SED/Projecto VHDL/Vivado/Vivado/project_1/project_1.srcs/sources_1/new/EDGEDTCTR.vhd:10]
INFO: [Synth 8-3491] module 'SYNCHRNZR' declared at 'C:/Users/Hector/Desktop/Uni/SED/Projecto VHDL/Vivado/Vivado/project_1/project_1.srcs/sources_1/new/SYNCHRNZR.vhd:3' bound to instance 'Inst_synchrnzr1' of component 'SYNCHRNZR' [C:/Users/Hector/Desktop/Uni/SED/Projecto VHDL/Vivado/Vivado/project_1/project_1.srcs/sources_1/new/Top.vhd:73]
INFO: [Synth 8-3491] module 'EDGEDTCTR' declared at 'C:/Users/Hector/Desktop/Uni/SED/Projecto VHDL/Vivado/Vivado/project_1/project_1.srcs/sources_1/new/EDGEDTCTR.vhd:3' bound to instance 'Inst_edgedtctr1' of component 'EDGEDTCTR' [C:/Users/Hector/Desktop/Uni/SED/Projecto VHDL/Vivado/Vivado/project_1/project_1.srcs/sources_1/new/Top.vhd:78]
INFO: [Synth 8-3491] module 'SYNCHRNZR' declared at 'C:/Users/Hector/Desktop/Uni/SED/Projecto VHDL/Vivado/Vivado/project_1/project_1.srcs/sources_1/new/SYNCHRNZR.vhd:3' bound to instance 'Inst_synchrnzr2' of component 'SYNCHRNZR' [C:/Users/Hector/Desktop/Uni/SED/Projecto VHDL/Vivado/Vivado/project_1/project_1.srcs/sources_1/new/Top.vhd:83]
INFO: [Synth 8-3491] module 'EDGEDTCTR' declared at 'C:/Users/Hector/Desktop/Uni/SED/Projecto VHDL/Vivado/Vivado/project_1/project_1.srcs/sources_1/new/EDGEDTCTR.vhd:3' bound to instance 'Inst_edgedtctr2' of component 'EDGEDTCTR' [C:/Users/Hector/Desktop/Uni/SED/Projecto VHDL/Vivado/Vivado/project_1/project_1.srcs/sources_1/new/Top.vhd:88]
INFO: [Synth 8-3491] module 'SYNCHRNZR' declared at 'C:/Users/Hector/Desktop/Uni/SED/Projecto VHDL/Vivado/Vivado/project_1/project_1.srcs/sources_1/new/SYNCHRNZR.vhd:3' bound to instance 'Inst_synchrnzr3' of component 'SYNCHRNZR' [C:/Users/Hector/Desktop/Uni/SED/Projecto VHDL/Vivado/Vivado/project_1/project_1.srcs/sources_1/new/Top.vhd:93]
INFO: [Synth 8-3491] module 'EDGEDTCTR' declared at 'C:/Users/Hector/Desktop/Uni/SED/Projecto VHDL/Vivado/Vivado/project_1/project_1.srcs/sources_1/new/EDGEDTCTR.vhd:3' bound to instance 'Inst_edgedtctr3' of component 'EDGEDTCTR' [C:/Users/Hector/Desktop/Uni/SED/Projecto VHDL/Vivado/Vivado/project_1/project_1.srcs/sources_1/new/Top.vhd:98]
INFO: [Synth 8-3491] module 'FMS_Elevator' declared at 'C:/Users/Hector/Desktop/Uni/SED/Projecto VHDL/Vivado/Vivado/project_1/project_1.srcs/sources_1/new/FMS_Elevator.vhd:4' bound to instance 'Inst_fmsElevator' of component 'FMS_Elevator' [C:/Users/Hector/Desktop/Uni/SED/Projecto VHDL/Vivado/Vivado/project_1/project_1.srcs/sources_1/new/Top.vhd:103]
INFO: [Synth 8-638] synthesizing module 'FMS_Elevator' [C:/Users/Hector/Desktop/Uni/SED/Projecto VHDL/Vivado/Vivado/project_1/project_1.srcs/sources_1/new/FMS_Elevator.vhd:25]
WARNING: [Synth 8-614] signal 'flag1' is read in the process but is not in the sensitivity list [C:/Users/Hector/Desktop/Uni/SED/Projecto VHDL/Vivado/Vivado/project_1/project_1.srcs/sources_1/new/FMS_Elevator.vhd:273]
WARNING: [Synth 8-614] signal 'flag2' is read in the process but is not in the sensitivity list [C:/Users/Hector/Desktop/Uni/SED/Projecto VHDL/Vivado/Vivado/project_1/project_1.srcs/sources_1/new/FMS_Elevator.vhd:273]
WARNING: [Synth 8-614] signal 'flag3' is read in the process but is not in the sensitivity list [C:/Users/Hector/Desktop/Uni/SED/Projecto VHDL/Vivado/Vivado/project_1/project_1.srcs/sources_1/new/FMS_Elevator.vhd:273]
WARNING: [Synth 8-614] signal 'flag4' is read in the process but is not in the sensitivity list [C:/Users/Hector/Desktop/Uni/SED/Projecto VHDL/Vivado/Vivado/project_1/project_1.srcs/sources_1/new/FMS_Elevator.vhd:273]
INFO: [Synth 8-256] done synthesizing module 'FMS_Elevator' (0#1) [C:/Users/Hector/Desktop/Uni/SED/Projecto VHDL/Vivado/Vivado/project_1/project_1.srcs/sources_1/new/FMS_Elevator.vhd:25]
INFO: [Synth 8-256] done synthesizing module 'Top' (0#1) [C:/Users/Hector/Desktop/Uni/SED/Projecto VHDL/Vivado/Vivado/project_1/project_1.srcs/sources_1/new/Top.vhd:25]
WARNING: [Synth 8-7129] Port EMER in module Top is either unconnected or has no load
---------------------------------------------------------------------------------
Finished RTL Elaboration : Time (s): cpu = 00:00:08 ; elapsed = 00:00:08 . Memory (MB): peak = 1386.262 ; gain = 504.156
---------------------------------------------------------------------------------
---------------------------------------------------------------------------------
Start Handling Custom Attributes
---------------------------------------------------------------------------------
---------------------------------------------------------------------------------
Finished Handling Custom Attributes : Time (s): cpu = 00:00:08 ; elapsed = 00:00:08 . Memory (MB): peak = 1386.262 ; gain = 504.156
---------------------------------------------------------------------------------
---------------------------------------------------------------------------------
Finished RTL Optimization Phase 1 : Time (s): cpu = 00:00:08 ; elapsed = 00:00:08 . Memory (MB): peak = 1386.262 ; gain = 504.156
---------------------------------------------------------------------------------
Netlist sorting complete. Time (s): cpu = 00:00:00 ; elapsed = 00:00:00.003 . Memory (MB): peak = 1386.262 ; gain = 0.000
INFO: [Project 1-570] Preparing netlist for logic optimization

Processing XDC Constraints
Initializing timing engine
Parsing XDC File [C:/Users/Hector/Desktop/Uni/SED/Projecto VHDL/Vivado/Vivado/project_1/project_1.srcs/constrs_1/imports/Downloads/Nexys-4-DDR-Master.xdc]
Finished Parsing XDC File [C:/Users/Hector/Desktop/Uni/SED/Projecto VHDL/Vivado/Vivado/project_1/project_1.srcs/constrs_1/imports/Downloads/Nexys-4-DDR-Master.xdc]
INFO: [Project 1-236] Implementation specific constraints were found while reading constraint file [C:/Users/Hector/Desktop/Uni/SED/Projecto VHDL/Vivado/Vivado/project_1/project_1.srcs/constrs_1/imports/Downloads/Nexys-4-DDR-Master.xdc]. These constraints will be ignored for synthesis but will be used in implementation. Impacted constraints are listed in the file [.Xil/Top_propImpl.xdc].
Resolution: To avoid this warning, move constraints listed in [.Xil/Top_propImpl.xdc] to another XDC file and exclude this new file from synthesis with the used_in_synthesis property (File Properties dialog in GUI) and re-run elaboration/synthesis.
Completed Processing XDC Constraints

Netlist sorting complete. Time (s): cpu = 00:00:00 ; elapsed = 00:00:00 . Memory (MB): peak = 1392.465 ; gain = 0.000
INFO: [Project 1-111] Unisim Transformation Summary:
No Unisim elements were transformed.

Constraint Validation Runtime : Time (s): cpu = 00:00:00 ; elapsed = 00:00:00.003 . Memory (MB): peak = 1392.465 ; gain = 0.000
INFO: [Designutils 20-5440] No compile time benefit to using incremental synthesis; A full resynthesis will be run
INFO: [Designutils 20-4379] Flow is switching to default flow due to incremental criteria not met. If you would like to alter this behaviour and have the flow terminate instead, please set the following parameter config_implementation {autoIncr.Synth.RejectBehavior Terminate}
---------------------------------------------------------------------------------
Finished Constraint Validation : Time (s): cpu = 00:00:17 ; elapsed = 00:00:17 . Memory (MB): peak = 1392.465 ; gain = 510.359
---------------------------------------------------------------------------------
---------------------------------------------------------------------------------
Start Loading Part and Timing Information
---------------------------------------------------------------------------------
Loading part: xc7a100tcsg324-1
---------------------------------------------------------------------------------
Finished Loading Part and Timing Information : Time (s): cpu = 00:00:17 ; elapsed = 00:00:17 . Memory (MB): peak = 1392.465 ; gain = 510.359
---------------------------------------------------------------------------------
---------------------------------------------------------------------------------
Start Applying 'set_property' XDC Constraints
---------------------------------------------------------------------------------
---------------------------------------------------------------------------------
Finished applying 'set_property' XDC Constraints : Time (s): cpu = 00:00:17 ; elapsed = 00:00:17 . Memory (MB): peak = 1392.465 ; gain = 510.359
---------------------------------------------------------------------------------
INFO: [Synth 8-802] inferred FSM for state register 'current_state_reg' in module 'FMS_Elevator'
WARNING: [Synth 8-327] inferring latch for variable 'MOTORS_reg' [C:/Users/Hector/Desktop/Uni/SED/Projecto VHDL/Vivado/Vivado/project_1/project_1.srcs/sources_1/new/FMS_Elevator.vhd:239]
---------------------------------------------------------------------------------------------------
                   State |                     New Encoding |                Previous Encoding 
---------------------------------------------------------------------------------------------------
                arranque |                            10001 |                            00000
                   piso4 |                            00111 |                            00101
                     b41 |                            10010 |                            01111
                     b42 |                            10000 |                            10000
                     b43 |                            01111 |                            10001
                  espera |                            00001 |                            10010
                   piso1 |                            00100 |                            00010
                     s12 |                            01100 |                            00110
                     s13 |                            01101 |                            00111
                     s14 |                            01110 |                            01000
                   piso2 |                            00101 |                            00011
                     b21 |                            01000 |                            01001
                     s23 |                            01001 |                            01010
                     s24 |                            01010 |                            01011
                   piso3 |                            00110 |                            00100
                     b31 |                            00011 |                            01100
                     b32 |                            00010 |                            01101
                     s34 |                            00000 |                            01110
---------------------------------------------------------------------------------------------------
INFO: [Synth 8-3354] encoded FSM with state register 'current_state_reg' using encoding 'sequential' in module 'FMS_Elevator'
WARNING: [Synth 8-327] inferring latch for variable 'DOORS_reg' [C:/Users/Hector/Desktop/Uni/SED/Projecto VHDL/Vivado/Vivado/project_1/project_1.srcs/sources_1/new/FMS_Elevator.vhd:241]
WARNING: [Synth 8-327] inferring latch for variable 'LED_Floor_reg' [C:/Users/Hector/Desktop/Uni/SED/Projecto VHDL/Vivado/Vivado/project_1/project_1.srcs/sources_1/new/FMS_Elevator.vhd:261]
WARNING: [Synth 8-327] inferring latch for variable 'LED_EMER_reg' [C:/Users/Hector/Desktop/Uni/SED/Projecto VHDL/Vivado/Vivado/project_1/project_1.srcs/sources_1/new/FMS_Elevator.vhd:242]
WARNING: [Synth 8-327] inferring latch for variable 'flag2_reg' [C:/Users/Hector/Desktop/Uni/SED/Projecto VHDL/Vivado/Vivado/project_1/project_1.srcs/sources_1/new/FMS_Elevator.vhd:117]
WARNING: [Synth 8-327] inferring latch for variable 'flag3_reg' [C:/Users/Hector/Desktop/Uni/SED/Projecto VHDL/Vivado/Vivado/project_1/project_1.srcs/sources_1/new/FMS_Elevator.vhd:125]
WARNING: [Synth 8-327] inferring latch for variable 'flag4_reg' [C:/Users/Hector/Desktop/Uni/SED/Projecto VHDL/Vivado/Vivado/project_1/project_1.srcs/sources_1/new/FMS_Elevator.vhd:133]
WARNING: [Synth 8-327] inferring latch for variable 'flag1_reg' [C:/Users/Hector/Desktop/Uni/SED/Projecto VHDL/Vivado/Vivado/project_1/project_1.srcs/sources_1/new/FMS_Elevator.vhd:143]
---------------------------------------------------------------------------------
Finished RTL Optimization Phase 2 : Time (s): cpu = 00:00:18 ; elapsed = 00:00:18 . Memory (MB): peak = 1392.465 ; gain = 510.359
---------------------------------------------------------------------------------
---------------------------------------------------------------------------------
Start RTL Component Statistics 
---------------------------------------------------------------------------------
Detailed RTL Component Info : 
+---Registers : 
	                4 Bit    Registers := 1     
	                3 Bit    Registers := 4     
	                2 Bit    Registers := 4     
	                1 Bit    Registers := 5     
+---Muxes : 
	  18 Input    5 Bit        Muxes := 1     
	   5 Input    5 Bit        Muxes := 2     
	   4 Input    5 Bit        Muxes := 4     
	   2 Input    5 Bit        Muxes := 3     
	   5 Input    4 Bit        Muxes := 2     
	   4 Input    2 Bit        Muxes := 1     
	   2 Input    1 Bit        Muxes := 9     
	  18 Input    1 Bit        Muxes := 4     
	   5 Input    1 Bit        Muxes := 5     
---------------------------------------------------------------------------------
Finished RTL Component Statistics 
---------------------------------------------------------------------------------
---------------------------------------------------------------------------------
Start Part Resource Summary
---------------------------------------------------------------------------------
Part Resources:
DSPs: 240 (col length:80)
BRAMs: 270 (col length: RAMB18 80 RAMB36 40)
---------------------------------------------------------------------------------
Finished Part Resource Summary
---------------------------------------------------------------------------------
---------------------------------------------------------------------------------
Start Cross Boundary and Area Optimization
---------------------------------------------------------------------------------
WARNING: [Synth 8-7080] Parallel synthesis criteria is not met
WARNING: [Synth 8-7129] Port EMER in module Top is either unconnected or has no load
---------------------------------------------------------------------------------
Finished Cross Boundary and Area Optimization : Time (s): cpu = 00:00:20 ; elapsed = 00:00:21 . Memory (MB): peak = 1392.465 ; gain = 510.359
---------------------------------------------------------------------------------
---------------------------------------------------------------------------------
Start Applying XDC Timing Constraints
---------------------------------------------------------------------------------
---------------------------------------------------------------------------------
Finished Applying XDC Timing Constraints : Time (s): cpu = 00:00:27 ; elapsed = 00:00:27 . Memory (MB): peak = 1392.465 ; gain = 510.359
---------------------------------------------------------------------------------
---------------------------------------------------------------------------------
Start Timing Optimization
---------------------------------------------------------------------------------
---------------------------------------------------------------------------------
Finished Timing Optimization : Time (s): cpu = 00:00:27 ; elapsed = 00:00:27 . Memory (MB): peak = 1392.465 ; gain = 510.359
---------------------------------------------------------------------------------
---------------------------------------------------------------------------------
Start Technology Mapping
---------------------------------------------------------------------------------
---------------------------------------------------------------------------------
Finished Technology Mapping : Time (s): cpu = 00:00:27 ; elapsed = 00:00:27 . Memory (MB): peak = 1392.465 ; gain = 510.359
---------------------------------------------------------------------------------
---------------------------------------------------------------------------------
Start IO Insertion
---------------------------------------------------------------------------------
---------------------------------------------------------------------------------
Start Flattening Before IO Insertion
---------------------------------------------------------------------------------
---------------------------------------------------------------------------------
Finished Flattening Before IO Insertion
---------------------------------------------------------------------------------
---------------------------------------------------------------------------------
Start Final Netlist Cleanup
---------------------------------------------------------------------------------
---------------------------------------------------------------------------------
Finished Final Netlist Cleanup
---------------------------------------------------------------------------------
---------------------------------------------------------------------------------
Finished IO Insertion : Time (s): cpu = 00:00:32 ; elapsed = 00:00:33 . Memory (MB): peak = 1405.359 ; gain = 523.254
---------------------------------------------------------------------------------
---------------------------------------------------------------------------------
Start Renaming Generated Instances
---------------------------------------------------------------------------------
---------------------------------------------------------------------------------
Finished Renaming Generated Instances : Time (s): cpu = 00:00:32 ; elapsed = 00:00:33 . Memory (MB): peak = 1405.359 ; gain = 523.254
---------------------------------------------------------------------------------
---------------------------------------------------------------------------------
Start Rebuilding User Hierarchy
---------------------------------------------------------------------------------
---------------------------------------------------------------------------------
Finished Rebuilding User Hierarchy : Time (s): cpu = 00:00:32 ; elapsed = 00:00:33 . Memory (MB): peak = 1405.359 ; gain = 523.254
---------------------------------------------------------------------------------
---------------------------------------------------------------------------------
Start Renaming Generated Ports
---------------------------------------------------------------------------------
---------------------------------------------------------------------------------
Finished Renaming Generated Ports : Time (s): cpu = 00:00:32 ; elapsed = 00:00:33 . Memory (MB): peak = 1405.359 ; gain = 523.254
---------------------------------------------------------------------------------
---------------------------------------------------------------------------------
Start Handling Custom Attributes
---------------------------------------------------------------------------------
---------------------------------------------------------------------------------
Finished Handling Custom Attributes : Time (s): cpu = 00:00:32 ; elapsed = 00:00:33 . Memory (MB): peak = 1405.359 ; gain = 523.254
---------------------------------------------------------------------------------
---------------------------------------------------------------------------------
Start Renaming Generated Nets
---------------------------------------------------------------------------------
---------------------------------------------------------------------------------
Finished Renaming Generated Nets : Time (s): cpu = 00:00:32 ; elapsed = 00:00:33 . Memory (MB): peak = 1405.359 ; gain = 523.254
---------------------------------------------------------------------------------
---------------------------------------------------------------------------------
Start Writing Synthesis Report
---------------------------------------------------------------------------------

Report BlackBoxes: 
+-+--------------+----------+
| |BlackBox name |Instances |
+-+--------------+----------+
+-+--------------+----------+

Report Cell Usage: 
+------+------+------+
|      |Cell  |Count |
+------+------+------+
|1     |BUFG  |     1|
|2     |LUT2  |     1|
|3     |LUT3  |     7|
|4     |LUT4  |    17|
|5     |LUT5  |    14|
|6     |LUT6  |    27|
|7     |MUXF7 |     4|
|8     |FDCE  |     7|
|9     |FDPE  |     6|
|10    |FDRE  |     1|
|11    |LD    |     6|
|12    |LDC   |     9|
|13    |LDCP  |     1|
|14    |IBUF  |    10|
|15    |OBUF  |     8|
+------+------+------+
---------------------------------------------------------------------------------
Finished Writing Synthesis Report : Time (s): cpu = 00:00:32 ; elapsed = 00:00:33 . Memory (MB): peak = 1405.359 ; gain = 523.254
---------------------------------------------------------------------------------
Synthesis finished with 0 errors, 0 critical warnings and 10 warnings.
Synthesis Optimization Runtime : Time (s): cpu = 00:00:22 ; elapsed = 00:00:31 . Memory (MB): peak = 1405.359 ; gain = 517.051
Synthesis Optimization Complete : Time (s): cpu = 00:00:32 ; elapsed = 00:00:33 . Memory (MB): peak = 1405.359 ; gain = 523.254
INFO: [Project 1-571] Translating synthesized netlist
Netlist sorting complete. Time (s): cpu = 00:00:00 ; elapsed = 00:00:00.001 . Memory (MB): peak = 1417.477 ; gain = 0.000
INFO: [Netlist 29-17] Analyzing 20 Unisim elements for replacement
INFO: [Netlist 29-28] Unisim Transformation completed in 0 CPU seconds
INFO: [Project 1-570] Preparing netlist for logic optimization
INFO: [Opt 31-138] Pushed 0 inverter(s) to 0 load pin(s).
Netlist sorting complete. Time (s): cpu = 00:00:00 ; elapsed = 00:00:00 . Memory (MB): peak = 1423.102 ; gain = 0.000
INFO: [Project 1-111] Unisim Transformation Summary:
  A total of 16 instances were transformed.
  LD => LDCE: 6 instances
  LDC => LDCE: 9 instances
  LDCP => LDCP (GND, LDCE, LUT3(x2), VCC): 1 instance 

Synth Design complete | Checksum: ec7d365f
INFO: [Common 17-83] Releasing license: Synthesis
40 Infos, 15 Warnings, 0 Critical Warnings and 0 Errors encountered.
synth_design completed successfully
synth_design: Time (s): cpu = 00:00:37 ; elapsed = 00:00:39 . Memory (MB): peak = 1423.102 ; gain = 936.387
INFO: [Common 17-1381] The checkpoint 'C:/Users/Hector/Desktop/Uni/SED/Projecto VHDL/Vivado/Vivado/project_1/project_1.runs/synth_1/Top.dcp' has been generated.
INFO: [runtcl-4] Executing : report_utilization -file Top_utilization_synth.rpt -pb Top_utilization_synth.pb
INFO: [Common 17-206] Exiting Vivado at Tue Jan 16 13:21:21 2024...
