Copyright 1986-2022 Xilinx, Inc. All Rights Reserved. Copyright 2022-2023 Advanced Micro Devices, Inc. All Rights Reserved.
---------------------------------------------------------------------------------------------------------------------------------------------
| Tool Version : Vivado v.2023.1 (win64) Build 3865809 Sun May  7 15:05:29 MDT 2023
| Date         : Tue Jan 16 11:20:53 2024
| Host         : LAPTOP-ITU9JLQJ running 64-bit major release  (build 9200)
| Command      : report_control_sets -verbose -file Top_control_sets_placed.rpt
| Design       : Top
| Device       : xc7a100t
---------------------------------------------------------------------------------------------------------------------------------------------

Control Set Information

Table of Contents
-----------------
1. Summary
2. Histogram
3. Flip-Flop Distribution
4. Detailed Control Set Information

1. Summary
----------

+----------------------------------------------------------+-------+
|                          Status                          | Count |
+----------------------------------------------------------+-------+
| Total control sets                                       |     6 |
|    Minimum number of control sets                        |     6 |
|    Addition due to synthesis replication                 |     0 |
|    Addition due to physical synthesis replication        |     0 |
| Unused register locations in slices containing registers |    31 |
+----------------------------------------------------------+-------+
* Control sets can be merged at opt_design using control_set_merge or merge_equivalent_drivers
** Run report_qor_suggestions for automated merging and remapping suggestions


2. Histogram
------------

+--------------------+-------+
|       Fanout       | Count |
+--------------------+-------+
| Total control sets |     6 |
| >= 0 to < 4        |     3 |
| >= 4 to < 6        |     3 |
| >= 6 to < 8        |     0 |
| >= 8 to < 10       |     0 |
| >= 10 to < 12      |     0 |
| >= 12 to < 14      |     0 |
| >= 14 to < 16      |     0 |
| >= 16              |     0 |
+--------------------+-------+
* Control sets can be remapped at either synth_design or opt_design


3. Flip-Flop Distribution
-------------------------

+--------------+-----------------------+------------------------+-----------------+--------------+
| Clock Enable | Synchronous Set/Reset | Asynchronous Set/Reset | Total Registers | Total Slices |
+--------------+-----------------------+------------------------+-----------------+--------------+
| No           | No                    | No                     |              11 |            6 |
| No           | No                    | Yes                    |               5 |            5 |
| No           | Yes                   | No                     |               1 |            1 |
| Yes          | No                    | No                     |               0 |            0 |
| Yes          | No                    | Yes                    |               0 |            0 |
| Yes          | Yes                   | No                     |               0 |            0 |
+--------------+-----------------------+------------------------+-----------------+--------------+


4. Detailed Control Set Information
-----------------------------------

+-----------------------------------------------+---------------+---------------------------------------+------------------+----------------+--------------+
|                  Clock Signal                 | Enable Signal |            Set/Reset Signal           | Slice Load Count | Bel Load Count | Bels / Slice |
+-----------------------------------------------+---------------+---------------------------------------+------------------+----------------+--------------+
|  Inst_fmsElevator/DOORS_reg/G0                |               |                                       |                1 |              1 |         1.00 |
|  Inst_fmsElevator/DOORS_reg_i_1_n_0           |               | Inst_fmsElevator/LED_EMER_reg_i_1_n_0 |                1 |              1 |         1.00 |
|  Inst_fmsElevator/MOTORS_reg[1]_i_2_n_0       |               |                                       |                1 |              2 |         2.00 |
|  Inst_fmsElevator/LED_Floor_reg[3]_i_1_n_0    |               |                                       |                3 |              4 |         1.33 |
|  Inst_fmsElevator/pisoobjetivo_reg[3]_i_2_n_0 |               |                                       |                1 |              4 |         4.00 |
|  CLK_IBUF_BUFG                                |               | RESET_IBUF                            |                5 |              5 |         1.00 |
+-----------------------------------------------+---------------+---------------------------------------+------------------+----------------+--------------+


